<?xml version="1.0" encoding="utf-8"?><testsuites><testsuite errors="0" failures="0" hostname="ae-csml-206042l" name="pytest" skipped="0" tests="13" time="1.821" timestamp="2019-10-20T17:27:51.986460"><testcase classname="tests.test_misc" file="tests/test_misc.py" line="5" name="test_from_str_int" time="0.003"></testcase><testcase classname="tests.test_misc" file="tests/test_misc.py" line="18" name="test_from_str_float" time="0.002"></testcase><testcase classname="tests.test_misc" file="tests/test_misc.py" line="30" name="test_from_str_bool" time="0.002"></testcase><testcase classname="tests.test_misc" file="tests/test_misc.py" line="43" name="test_from_str_list" time="0.002"></testcase><testcase classname="tests.test_misc" file="tests/test_misc.py" line="55" name="test_from_str_list_of_lists" time="0.002"></testcase><testcase classname="tests.test_misc" file="tests/test_misc.py" line="68" name="test_tangent_sphere_2D" time="0.003"></testcase><testcase classname="tests.test_misc" file="tests/test_misc.py" line="82" name="test_tangent_sphere_ND" time="0.002"></testcase><testcase classname="tests.geometry.test_n_sphere" file="tests/geometry/test_n_sphere.py" line="7" name="test_eq" time="0.002"></testcase><testcase classname="tests.meshing.test_polymesh" file="tests/meshing/test_polymesh.py" line="67" name="test_eq" time="0.015"><system-out>transform
[0 1 2 3 4]
checking seed numbers True
checking phase numbers True
transform
[0 1 2 3 4]
checking seed numbers True
checking phase numbers True
transform
[0 1 2 3 4]
checking seed numbers True
checking phase numbers True
not same type
not same length
transform
[0 1 2 3 4]
not same regions
not same verts
transform
[0 1 2 3 4]
not same facets
transform
[0 1 2 3 4]
checking seed numbers True
checking phase numbers True
transform
[0 1 2 3 4]
checking seed numbers False
checking phase numbers False
</system-out></testcase><testcase classname="tests.meshing.test_polymesh" file="tests/meshing/test_polymesh.py" line="92" name="test_read_write" time="0.006"><system-out>transform
[0 1 2 3 4]
checking seed numbers True
checking phase numbers True
transform
[0 1 2 3 4]
checking seed numbers True
checking phase numbers True
</system-out></testcase><testcase classname="tests.meshing.test_polymesh" file="tests/meshing/test_polymesh.py" line="113" name="test_repr" time="0.007"><system-out>transform
[0 1 2 3 4]
checking seed numbers True
checking phase numbers True
transform
[0 1 2 3 4]
checking seed numbers True
checking phase numbers True
</system-out></testcase><testcase classname="tests.meshing.test_polymesh" file="tests/meshing/test_polymesh.py" line="120" name="test_from_seeds" time="0.159"><system-out>transform
[2 0 4 5 1 3]
checking seed numbers True
checking phase numbers True
</system-out></testcase><testcase classname="tests.meshing.test_polymesh" file="tests/meshing/test_polymesh.py" line="167" name="test_kp_loop" time="0.002"></testcase></testsuite></testsuites>